<?xml version="1.0" encoding="UTF-8"?>
<!-- Generated by org.testng.reporters.JUnitXMLReporter -->
<testsuite ignored="0" hostname="saramise-mac" failures="2" tests="4" name="errorValidations" time="41.936" errors="0" timestamp="2023-12-31T15:44:24 IST">
  <testcase classname="shoppingsite.tests.errorValidations" name="ProductNameErrorCheck" time="16.032">
    <failure type="java.lang.AssertionError">
      <![CDATA[java.lang.AssertionError: 
at shoppingsite.tests.errorValidations.ProductNameErrorCheck(errorValidations.java:55)
at java.base/java.util.ArrayList.forEach(ArrayList.java:1511)
at java.base/java.util.concurrent.FutureTask.run(FutureTask.java:264)
at java.base/java.util.concurrent.ThreadPoolExecutor.runWorker(ThreadPoolExecutor.java:1136)
at java.base/java.util.concurrent.ThreadPoolExecutor$Worker.run(ThreadPoolExecutor.java:635)
at java.base/java.lang.Thread.run(Thread.java:833)
... Removed 20 stack frames]]>
    </failure>
  </testcase> <!-- ProductNameErrorCheck -->
  <testcase classname="shoppingsite.tests.errorValidations" name="loginErrorCheck" time="1.362">
    <skipped/>
  </testcase> <!-- loginErrorCheck -->
  <testcase classname="shoppingsite.tests.errorValidations" name="loginErrorCheck" time="1.358">
    <skipped/>
  </testcase> <!-- loginErrorCheck -->
  <testcase classname="shoppingsite.tests.errorValidations" name="loginErrorCheck" time="1.379">
    <failure type="java.lang.AssertionError" message="expected:&amp;lt;Incorrect email or password.&amp;gt; but was:&amp;lt;&amp;gt;">
      <![CDATA[java.lang.AssertionError: expected:<Incorrect email or password.> but was:<>
at shoppingsite.tests.errorValidations.loginErrorCheck(errorValidations.java:37)
at java.base/java.util.ArrayList.forEach(ArrayList.java:1511)
at java.base/java.util.concurrent.FutureTask.run(FutureTask.java:264)
at java.base/java.util.concurrent.ThreadPoolExecutor.runWorker(ThreadPoolExecutor.java:1136)
at java.base/java.util.concurrent.ThreadPoolExecutor$Worker.run(ThreadPoolExecutor.java:635)
at java.base/java.lang.Thread.run(Thread.java:833)
... Removed 19 stack frames]]>
    </failure>
  </testcase> <!-- loginErrorCheck -->
</testsuite> <!-- errorValidations -->
